<?xml version="1.0" encoding="utf-8"?><testsuites name="pytest tests"><testsuite name="pytest" errors="0" failures="0" skipped="0" tests="17" time="2.610" timestamp="2026-01-25T12:23:48.455976+00:00" hostname="agent-env-2f6c61a8-171d-440a-ab65-aaa251746b42"><testcase classname="backend.tests.test_taskpro_features.TestDiscountValidation" name="test_valid_earlybird_code" time="0.100" /><testcase classname="backend.tests.test_taskpro_features.TestDiscountValidation" name="test_earlybird_case_insensitive" time="0.043" /><testcase classname="backend.tests.test_taskpro_features.TestDiscountValidation" name="test_invalid_discount_code" time="0.038" /><testcase classname="backend.tests.test_taskpro_features.TestDiscountValidation" name="test_empty_discount_code" time="0.036" /><testcase classname="backend.tests.test_taskpro_features.TestTaskGroupsCRUD" name="test_create_task_group" time="0.416" /><testcase classname="backend.tests.test_taskpro_features.TestTaskGroupsCRUD" name="test_get_task_groups" time="0.043" /><testcase classname="backend.tests.test_taskpro_features.TestTaskGroupsCRUD" name="test_create_and_get_group" time="0.075" /><testcase classname="backend.tests.test_taskpro_features.TestTaskGroupsCRUD" name="test_update_task_group" time="0.120" /><testcase classname="backend.tests.test_taskpro_features.TestTaskGroupsCRUD" name="test_delete_task_group" time="0.120" /><testcase classname="backend.tests.test_taskpro_features.TestTaskGroupsCRUD" name="test_create_task_with_group" time="0.125" /><testcase classname="backend.tests.test_taskpro_features.TestMembershipAndCalendarAccess" name="test_get_membership_plans" time="0.035" /><testcase classname="backend.tests.test_taskpro_features.TestMembershipAndCalendarAccess" name="test_basic_user_registration_with_mock_payment" time="0.295" /><testcase classname="backend.tests.test_taskpro_features.TestMembershipAndCalendarAccess" name="test_premium_user_registration_with_mock_payment" time="0.297" /><testcase classname="backend.tests.test_taskpro_features.TestTaskCreationViaAPI" name="test_create_task_minimal" time="0.339" /><testcase classname="backend.tests.test_taskpro_features.TestTaskCreationViaAPI" name="test_create_task_with_date" time="0.040" /><testcase classname="backend.tests.test_taskpro_features.TestTaskCreationViaAPI" name="test_create_super_important_task" time="0.036" /><testcase classname="backend.tests.test_taskpro_features.TestMembershipUpgrade" name="test_upgrade_basic_to_premium" time="0.378" /></testsuite></testsuites>